TN:
SF:src/config/gemini.js
FN:11,(anonymous_0)
FN:16,(anonymous_1)
FN:29,(anonymous_2)
FN:78,(anonymous_3)
FN:115,(anonymous_4)
FN:144,(anonymous_5)
FNF:6
FNH:3
FNDA:2,(anonymous_0)
FNDA:2,(anonymous_1)
FNDA:2,(anonymous_2)
FNDA:0,(anonymous_3)
FNDA:0,(anonymous_4)
FNDA:0,(anonymous_5)
DA:1,1
DA:2,1
DA:4,1
DA:5,0
DA:8,1
DA:11,1
DA:12,2
DA:16,1
DA:17,2
DA:18,2
DA:19,2
DA:20,1
DA:21,1
DA:23,1
DA:24,1
DA:29,1
DA:30,2
DA:57,2
DA:58,2
DA:60,1
DA:61,1
DA:62,1
DA:64,0
DA:66,1
DA:68,1
DA:78,1
DA:79,0
DA:95,0
DA:96,0
DA:97,0
DA:98,0
DA:99,0
DA:101,0
DA:103,0
DA:104,0
DA:115,1
DA:116,0
DA:130,0
DA:131,0
DA:132,0
DA:133,0
DA:134,0
DA:136,0
DA:138,0
DA:139,0
DA:144,1
DA:145,0
DA:160,0
DA:161,0
DA:162,0
DA:163,0
DA:164,0
DA:166,0
DA:168,0
DA:169,0
DA:178,1
LF:56
LH:27
BRDA:4,0,0,0
BRDA:4,0,1,1
BRDA:11,1,0,2
BRDA:16,2,0,2
BRDA:36,3,0,2
BRDA:36,3,1,0
BRDA:37,4,0,2
BRDA:37,4,1,0
BRDA:61,5,0,1
BRDA:61,5,1,0
BRDA:98,6,0,0
BRDA:98,6,1,0
BRDA:115,7,0,0
BRDA:133,8,0,0
BRDA:133,8,1,0
BRDA:149,9,0,0
BRDA:149,9,1,0
BRDA:163,10,0,0
BRDA:163,10,1,0
BRF:19
BRH:6
end_of_record
TN:
SF:src/controllers/authController.js
FN:4,(anonymous_0)
FN:43,(anonymous_1)
FN:86,(anonymous_2)
FN:88,(anonymous_3)
FN:104,(anonymous_4)
FNF:5
FNH:1
FNDA:2,(anonymous_0)
FNDA:0,(anonymous_1)
FNDA:0,(anonymous_2)
FNDA:0,(anonymous_3)
FNDA:0,(anonymous_4)
DA:1,1
DA:4,1
DA:5,2
DA:6,2
DA:9,2
DA:10,2
DA:11,1
DA:21,1
DA:29,0
DA:30,0
DA:32,0
DA:38,1
DA:43,1
DA:44,0
DA:45,0
DA:48,0
DA:49,0
DA:50,0
DA:60,0
DA:61,0
DA:62,0
DA:72,0
DA:73,0
DA:75,0
DA:81,0
DA:86,1
DA:87,0
DA:88,0
DA:89,0
DA:90,0
DA:92,0
DA:93,0
DA:99,0
DA:104,1
DA:105,0
DA:106,0
DA:112,0
DA:113,0
DA:122,0
DA:127,0
DA:131,1
LF:41
LH:13
BRDA:10,0,0,1
BRDA:10,0,1,1
BRDA:25,1,0,1
BRDA:25,1,1,1
BRDA:49,2,0,0
BRDA:49,2,1,0
BRDA:61,3,0,0
BRDA:61,3,1,0
BRDA:89,4,0,0
BRDA:89,4,1,0
BRDA:92,5,0,0
BRDA:92,5,1,0
BRDA:112,6,0,0
BRDA:112,6,1,0
BRF:14
BRH:4
end_of_record
TN:
SF:src/controllers/userController.js
FN:4,(anonymous_0)
FN:52,(anonymous_1)
FN:99,(anonymous_2)
FN:118,(anonymous_3)
FN:137,(anonymous_4)
FN:200,(anonymous_5)
FN:221,(anonymous_6)
FN:229,(anonymous_7)
FNF:8
FNH:1
FNDA:2,(anonymous_0)
FNDA:0,(anonymous_1)
FNDA:0,(anonymous_2)
FNDA:0,(anonymous_3)
FNDA:0,(anonymous_4)
FNDA:0,(anonymous_5)
FNDA:0,(anonymous_6)
FNDA:0,(anonymous_7)
DA:1,1
DA:4,1
DA:5,2
DA:6,2
DA:14,2
DA:15,1
DA:25,1
DA:26,1
DA:27,1
DA:28,1
DA:29,1
DA:30,1
DA:31,1
DA:32,1
DA:35,1
DA:37,1
DA:47,0
DA:52,1
DA:53,0
DA:54,0
DA:56,0
DA:57,0
DA:75,0
DA:77,0
DA:88,0
DA:94,0
DA:99,1
DA:100,0
DA:101,0
DA:103,0
DA:104,0
DA:114,0
DA:117,0
DA:119,0
DA:126,0
DA:132,0
DA:137,1
DA:138,0
DA:139,0
DA:140,0
DA:142,0
DA:144,0
DA:145,0
DA:151,0
DA:153,0
DA:157,0
DA:167,0
DA:169,0
DA:170,0
DA:171,0
DA:177,0
DA:185,0
DA:195,0
DA:200,1
DA:201,0
DA:202,0
DA:203,0
DA:204,0
DA:205,0
DA:206,0
DA:209,0
DA:212,0
DA:219,0
DA:220,0
DA:221,0
DA:225,0
DA:227,0
DA:229,0
DA:236,0
DA:239,0
DA:243,0
DA:245,0
DA:246,0
DA:250,1
LF:74
LH:21
BRDA:14,0,0,1
BRDA:14,0,1,1
BRDA:26,1,0,1
BRDA:26,1,1,0
BRDA:27,2,0,1
BRDA:27,2,1,0
BRDA:28,3,0,0
BRDA:28,3,1,1
BRDA:29,4,0,0
BRDA:29,4,1,1
BRDA:30,5,0,0
BRDA:30,5,1,1
BRDA:31,6,0,0
BRDA:31,6,1,1
BRDA:31,7,0,1
BRDA:31,7,1,1
BRDA:32,8,0,0
BRDA:32,8,1,1
BRDA:32,9,0,1
BRDA:32,9,1,1
BRDA:56,10,0,0
BRDA:56,10,1,0
BRDA:78,11,0,0
BRDA:78,11,1,0
BRDA:79,12,0,0
BRDA:79,12,1,0
BRDA:80,13,0,0
BRDA:80,13,1,0
BRDA:81,14,0,0
BRDA:81,14,1,0
BRDA:82,15,0,0
BRDA:82,15,1,0
BRDA:83,16,0,0
BRDA:83,16,1,0
BRDA:84,17,0,0
BRDA:84,17,1,0
BRDA:85,18,0,0
BRDA:85,18,1,0
BRDA:103,19,0,0
BRDA:103,19,1,0
BRDA:103,20,0,0
BRDA:103,20,1,0
BRDA:142,21,0,0
BRDA:142,21,1,0
BRDA:167,22,0,0
BRDA:167,22,1,0
BRDA:204,23,0,0
BRDA:204,23,1,0
BRDA:213,24,0,0
BRDA:213,24,1,0
BRDA:214,25,0,0
BRDA:214,25,1,0
BRDA:215,26,0,0
BRDA:215,26,1,0
BRDA:219,27,0,0
BRDA:219,27,1,0
BRDA:225,28,0,0
BRDA:225,28,1,0
BRF:58
BRH:13
end_of_record
TN:
SF:src/middlewares/auth.js
FN:2,(anonymous_0)
FN:16,(anonymous_1)
FN:30,(anonymous_2)
FN:44,(anonymous_3)
FN:58,(anonymous_4)
FNF:5
FNH:1
FNDA:2,(anonymous_0)
FNDA:0,(anonymous_1)
FNDA:0,(anonymous_2)
FNDA:0,(anonymous_3)
FNDA:0,(anonymous_4)
DA:2,2
DA:3,2
DA:4,2
DA:6,0
DA:16,2
DA:17,0
DA:18,0
DA:20,0
DA:30,2
DA:31,0
DA:32,0
DA:34,0
DA:44,2
DA:45,0
DA:46,0
DA:48,0
DA:58,2
DA:59,0
DA:60,0
DA:61,0
DA:62,0
DA:63,0
DA:64,0
DA:67,0
DA:70,0
DA:73,2
LF:26
LH:8
BRDA:3,0,0,2
BRDA:3,0,1,0
BRDA:3,1,0,2
BRDA:3,1,1,2
BRDA:17,2,0,0
BRDA:17,2,1,0
BRDA:17,3,0,0
BRDA:17,3,1,0
BRDA:31,4,0,0
BRDA:31,4,1,0
BRDA:31,5,0,0
BRDA:31,5,1,0
BRDA:45,6,0,0
BRDA:45,6,1,0
BRDA:45,7,0,0
BRDA:45,7,1,0
BRDA:59,8,0,0
BRDA:59,8,1,0
BRDA:59,9,0,0
BRDA:59,9,1,0
BRDA:63,10,0,0
BRDA:63,10,1,0
BRF:22
BRH:3
end_of_record
TN:
SF:src/middlewares/validate.js
FN:4,(anonymous_0)
FN:12,(anonymous_1)
FNF:2
FNH:1
FNDA:2,(anonymous_0)
FNDA:0,(anonymous_1)
DA:1,2
DA:4,2
DA:5,2
DA:6,2
DA:7,0
DA:12,0
DA:20,2
DA:23,2
LF:8
LH:6
BRDA:6,0,0,0
BRDA:6,0,1,2
BRF:2
BRH:1
end_of_record
TN:
SF:src/routes/authRoutes.js
FNF:0
FNH:0
DA:1,1
DA:2,1
DA:3,1
DA:4,1
DA:5,1
DA:6,1
DA:9,1
DA:22,1
DA:33,1
DA:36,1
DA:38,1
LF:11
LH:11
BRF:0
BRH:0
end_of_record
TN:
SF:src/routes/userRoutes.js
FNF:0
FNH:0
DA:1,1
DA:2,1
DA:3,1
DA:4,1
DA:5,1
DA:6,1
DA:9,1
DA:12,1
DA:25,1
DA:37,1
DA:50,1
DA:52,1
LF:12
LH:12
BRF:0
BRH:0
end_of_record
